<?xml version="1.0" encoding="UTF-8"?>
<testsuite xmlns:xsi="http://www.w3.org/2001/XMLSchema-instance" xsi:noNamespaceSchemaLocation="https://maven.apache.org/surefire/maven-surefire-plugin/xsd/surefire-test-report.xsd" version="3.0.1" name="TestSuite" time="46.815" tests="3" errors="0" skipped="0" failures="0">
  <properties>
[...]
</properties>
  <testcase name="TC_100_Login" classname="tests.TC100_LoginTest" time="7.238">
    <system-out><![CDATA[Login
]]></system-out>
    <system-err><![CDATA[Oct 05, 2024 1:20:24 AM org.openqa.selenium.manager.SeleniumManager lambda$runCommand$1
WARNING: Cache folder (/Users/ecommmac1/.cache/selenium) cannot be created: Permission denied (os error 13)
Oct 05, 2024 1:20:24 AM org.openqa.selenium.manager.SeleniumManager lambda$runCommand$1
WARNING: Cache folder (/Users/ecommmac1/.cache/selenium) cannot be created: Permission denied (os error 13)
Oct 05, 2024 1:20:30 AM org.openqa.selenium.devtools.CdpVersionFinder findNearestMatch
WARNING: Unable to find CDP implementation matching 129
Oct 05, 2024 1:20:30 AM org.openqa.selenium.chromium.ChromiumDriver lambda$new$5
WARNING: Unable to find version of CDP to use for 129.0.2792.79. You may need to include a dependency on a specific version of the CDP using something similar to `org.seleniumhq.selenium:selenium-devtools-v86:4.16.1` where the version ("v86") matches the version of the chromium-based browser you're using and the version number of the artifact is the same as Selenium's.
]]></system-err>
  </testcase>
  <testcase name="HomePageVarification" classname="tests.TC100_LoginTest" time="17.847">
    <system-out><![CDATA[Home
]]></system-out>
  </testcase>
  <testcase name="TC_101_Registration" classname="tests.TC101_RegistrationTest" time="0.002">
    <system-out><![CDATA[Register
]]></system-out>
    <system-err><![CDATA[Oct 05, 2024 1:21:01 AM org.openqa.selenium.manager.SeleniumManager lambda$runCommand$1
WARNING: Cache folder (/Users/ecommmac1/.cache/selenium) cannot be created: Permission denied (os error 13)
Oct 05, 2024 1:21:01 AM org.openqa.selenium.manager.SeleniumManager lambda$runCommand$1
WARNING: Cache folder (/Users/ecommmac1/.cache/selenium) cannot be created: Permission denied (os error 13)
Oct 05, 2024 1:21:05 AM org.openqa.selenium.devtools.CdpVersionFinder findNearestMatch
WARNING: Unable to find CDP implementation matching 129
Oct 05, 2024 1:21:05 AM org.openqa.selenium.chromium.ChromiumDriver lambda$new$5
WARNING: Unable to find version of CDP to use for 129.0.2792.79. You may need to include a dependency on a specific version of the CDP using something similar to `org.seleniumhq.selenium:selenium-devtools-v86:4.16.1` where the version ("v86") matches the version of the chromium-based browser you're using and the version number of the artifact is the same as Selenium's.
]]></system-err>
  </testcase>
</testsuite>