<?xml version="1.0" encoding="UTF-8"?>
<testng-results ignored="0" total="1" passed="1" failed="0" skipped="0">
  <reporter-output>
  </reporter-output>
  <suite started-at="2024-10-04T00:26:08 IST" name="Suite" finished-at="2024-10-04T00:26:12 IST" duration-ms="3682">
    <groups>
      <group name="Regression">
        <method signature="TC101_RegistrationTest.TC_101_Registration()[pri:1, instance:tests.TC101_RegistrationTest@74589991]" name="TC_101_Registration" class="tests.TC101_RegistrationTest"/>
      </group> <!-- Regression -->
      <group name="Smoke">
        <method signature="TC101_RegistrationTest.TC_101_Registration()[pri:1, instance:tests.TC101_RegistrationTest@74589991]" name="TC_101_Registration" class="tests.TC101_RegistrationTest"/>
      </group> <!-- Smoke -->
    </groups>
    <test started-at="2024-10-04T00:26:08 IST" name="Test" finished-at="2024-10-04T00:26:12 IST" duration-ms="3682">
      <class name="tests.TC101_RegistrationTest">
        <test-method is-config="true" signature="setDriver(java.lang.String)[pri:0, instance:tests.TC101_RegistrationTest@74589991]" started-at="2024-10-04T00:26:09 IST" name="setDriver" finished-at="2024-10-04T00:26:12 IST" duration-ms="3260" status="PASS">
          <params>
            <param index="0">
              <value>
                <![CDATA[chrome]]>
              </value>
            </param>
          </params>
          <reporter-output>
          </reporter-output>
        </test-method> <!-- setDriver -->
        <test-method signature="TC_101_Registration()[pri:1, instance:tests.TC101_RegistrationTest@74589991]" started-at="2024-10-04T00:26:12 IST" name="TC_101_Registration" finished-at="2024-10-04T00:26:12 IST" duration-ms="251" status="PASS">
          <reporter-output>
          </reporter-output>
        </test-method> <!-- TC_101_Registration -->
        <test-method is-config="true" signature="quitDriver()[pri:0, instance:tests.TC101_RegistrationTest@74589991]" started-at="2024-10-04T00:26:12 IST" name="quitDriver" finished-at="2024-10-04T00:26:12 IST" duration-ms="86" status="PASS">
          <reporter-output>
          </reporter-output>
        </test-method> <!-- quitDriver -->
      </class> <!-- tests.TC101_RegistrationTest -->
    </test> <!-- Test -->
  </suite> <!-- Suite -->
</testng-results>
