<?xml version="1.0" encoding="UTF-8"?>
<!-- Generated by org.testng.reporters.JUnitXMLReporter -->
<testsuite ignored="0" hostname="ecommmac1s-MacBook-Pro.local" failures="0" tests="3" name="AllTest" time="46.273" errors="0" timestamp="2024-10-05T01:21:09 IST">
  <testcase classname="tests.TC100_LoginTest" name="TC_100_Login" time="7.238"/>
  <testcase classname="tests.TC100_LoginTest" name="HomePageVarification" time="17.847"/>
  <testcase classname="tests.TC101_RegistrationTest" name="TC_101_Registration" time="0.001"/>
</testsuite> <!-- AllTest -->
