<?xml version="1.0" encoding="UTF-8"?>
<!-- Generated by org.testng.reporters.JUnitXMLReporter -->
<testsuite ignored="0" hostname="ecommmac1s-MacBook-Pro.local" failures="0" tests="3" name="AllTest" time="6.78" errors="0" timestamp="2024-10-04T01:48:56 IST">
  <testcase classname="tests.TC101_RegistrationTest" name="TC_101_Registration" time="0.008"/>
  <testcase classname="tests.TC100_LoginTest" name="TC_100_Login" time="3.461"/>
  <testcase classname="tests.TC100_LoginTest" name="HomePageVarification" time="0.415"/>
</testsuite> <!-- AllTest -->
